<?xml version="1.0" encoding="UTF-8"?>
<!-- Generated by org.testng.reporters.JUnitReportReporter -->
<testsuite skipped="0" hostname="user-PC" name="com.mystore.testCases.TC_LoginTestCase_001" tests="1" failures="0" timestamp="30 Jan 2020 17:34:53 GMT" time="6.020" errors="0">
  <testcase name="loginTest" time="6.020" classname="com.mystore.testCases.TC_LoginTestCase_001"/>
</testsuite> <!-- com.mystore.testCases.TC_LoginTestCase_001 -->
